<?xml version="1.0" encoding="UTF-8"?>
<!-- Generated by org.testng.reporters.JUnitReportReporter -->
<testsuite hostname="RWTISQQ411" failures="0" tests="1" name="demo.First" time="0.016" errors="0" timestamp="2021-09-21T18:18:38 IST" skipped="0">
  <testcase classname="demo.First" name="t" time="0.016"/>
  <system-out/>
</testsuite> <!-- demo.First -->
