<?xml version="1.0" encoding="UTF-8"?>
<!-- Generated by org.testng.reporters.JUnitReportReporter -->
<testsuite hostname="RWTISQQ411" failures="0" tests="1" name="teatclass.Generateaccesstoken" time="4.314" errors="0" timestamp="2021-09-14T16:39:41 IST" skipped="0">
  <testcase classname="teatclass.Generateaccesstoken" name="GenerateToken" time="4.314"/>
  <system-out/>
</testsuite> <!-- teatclass.Generateaccesstoken -->
